100.10.02 11:29 B D:\WebSites\newdeal\students\images\01.jpg --> newdeal.feri.org /site/students/images 01.jpg
100.10.02 11:29 B D:\WebSites\newdeal\students\images\02.jpg --> newdeal.feri.org /site/students/images 02.jpg
100.10.02 11:29 B D:\WebSites\newdeal\students\images\03.jpg --> newdeal.feri.org /site/students/images 03.jpg
100.10.02 11:29 B D:\WebSites\newdeal\students\images\03x.jpg --> newdeal.feri.org /site/students/images 03x.jpg
100.10.02 11:29 B D:\WebSites\newdeal\students\images\04.jpg --> newdeal.feri.org /site/students/images 04.jpg
100.10.02 11:29 B D:\WebSites\newdeal\students\images\04x.jpg --> newdeal.feri.org /site/students/images 04x.jpg
100.10.02 11:29 B D:\WebSites\newdeal\students\images\05.jpg --> newdeal.feri.org /site/students/images 05.jpg
100.10.02 11:29 B D:\WebSites\newdeal\students\images\05x.jpg --> newdeal.feri.org /site/students/images 05x.jpg
100.10.02 11:29 B D:\WebSites\newdeal\students\images\06.jpg --> newdeal.feri.org /site/students/images 06.jpg
100.10.02 11:29 B D:\WebSites\newdeal\students\images\06x.jpg --> newdeal.feri.org /site/students/images 06x.jpg
100.10.02 11:29 B D:\WebSites\newdeal\students\images\07.jpg --> newdeal.feri.org /site/students/images 07.jpg
100.10.02 11:29 B D:\WebSites\newdeal\students\images\07x.jpg --> newdeal.feri.org /site/students/images 07x.jpg
100.10.02 11:29 B D:\WebSites\newdeal\students\images\08.jpg --> newdeal.feri.org /site/students/images 08.jpg
100.10.02 11:29 B D:\WebSites\newdeal\students\images\09.jpg --> newdeal.feri.org /site/students/images 09.jpg
100.10.02 11:29 B D:\WebSites\newdeal\students\images\10.jpg --> newdeal.feri.org /site/students/images 10.jpg
100.10.02 11:29 B D:\WebSites\newdeal\students\images\10x.jpg --> newdeal.feri.org /site/students/images 10x.jpg
100.10.02 11:29 B D:\WebSites\newdeal\students\images\11.jpg --> newdeal.feri.org /site/students/images 11.jpg
100.10.02 11:29 B D:\WebSites\newdeal\students\images\11x.jpg --> newdeal.feri.org /site/students/images 11x.jpg
100.10.02 11:29 B D:\WebSites\newdeal\students\images\12.jpg --> newdeal.feri.org /site/students/images 12.jpg
100.10.02 11:29 B D:\WebSites\newdeal\students\images\9.jpg --> newdeal.feri.org /site/students/images 9.jpg
100.10.02 11:29 B D:\WebSites\newdeal\students\images\aa08l.gif --> newdeal.feri.org /site/students/images aa08l.gif
100.10.02 11:29 B D:\WebSites\newdeal\students\images\aa11l.gif --> newdeal.feri.org /site/students/images aa11l.gif
100.10.02 11:29 B D:\WebSites\newdeal\students\images\aa20l.gif --> newdeal.feri.org /site/students/images aa20l.gif
100.10.02 11:29 B D:\WebSites\newdeal\students\images\aa21l.gif --> newdeal.feri.org /site/students/images aa21l.gif
100.10.02 11:29 B D:\WebSites\newdeal\students\images\aa22l.gif --> newdeal.feri.org /site/students/images aa22l.gif
100.10.02 11:29 B D:\WebSites\newdeal\students\images\aa24l.gif --> newdeal.feri.org /site/students/images aa24l.gif
100.10.02 11:29 B D:\WebSites\newdeal\students\images\ac57.gif --> newdeal.feri.org /site/students/images ac57.gif
100.10.02 11:29 B D:\WebSites\newdeal\students\images\degree.jpg --> newdeal.feri.org /site/students/images degree.jpg
100.10.02 11:29 B D:\WebSites\newdeal\students\images\degree2.jpg --> newdeal.feri.org /site/students/images degree2.jpg
100.10.02 11:29 B D:\WebSites\newdeal\students\images\degree3.jpg --> newdeal.feri.org /site/students/images degree3.jpg
100.10.02 11:29 B D:\WebSites\newdeal\students\images\fig.jpg --> newdeal.feri.org /site/students/images fig.jpg
100.10.02 11:30 B D:\WebSites\newdeal\students\images\g20b.gif --> newdeal.feri.org /site/students/images g20b.gif
100.10.02 11:30 B D:\WebSites\newdeal\students\images\out01.jpg --> newdeal.feri.org /site/students/images out01.jpg
100.10.02 11:30 B D:\WebSites\newdeal\students\images\rc01.jpg --> newdeal.feri.org /site/students/images rc01.jpg
100.10.02 11:30 B D:\WebSites\newdeal\students\images\rc01x.jpg --> newdeal.feri.org /site/students/images rc01x.jpg
100.10.02 11:30 B D:\WebSites\newdeal\students\images\rc03.jpg --> newdeal.feri.org /site/students/images rc03.jpg
100.10.02 11:30 B D:\WebSites\newdeal\students\images\rc03x.jpg --> newdeal.feri.org /site/students/images rc03x.jpg
100.10.02 11:30 B D:\WebSites\newdeal\students\images\rc04.jpg --> newdeal.feri.org /site/students/images rc04.jpg
100.10.02 11:30 B D:\WebSites\newdeal\students\images\rc04x.jpg --> newdeal.feri.org /site/students/images rc04x.jpg
100.10.02 11:30 B D:\WebSites\newdeal\students\images\rc05.jpg --> newdeal.feri.org /site/students/images rc05.jpg
100.10.02 11:30 B D:\WebSites\newdeal\students\images\rc06.jpg --> newdeal.feri.org /site/students/images rc06.jpg
100.10.02 11:30 B D:\WebSites\newdeal\students\images\rc07.jpg --> newdeal.feri.org /site/students/images rc07.jpg
100.10.02 11:30 B D:\WebSites\newdeal\students\images\rc08.jpg --> newdeal.feri.org /site/students/images rc08.jpg
100.10.02 11:30 B D:\WebSites\newdeal\students\images\rc09.jpg --> newdeal.feri.org /site/students/images rc09.jpg
100.10.02 11:30 B D:\WebSites\newdeal\students\images\rc10.jpg --> newdeal.feri.org /site/students/images rc10.jpg
100.10.02 11:30 B D:\WebSites\newdeal\students\images\rc11.jpg --> newdeal.feri.org /site/students/images rc11.jpg
100.10.02 11:30 B D:\WebSites\newdeal\students\images\rc12.jpg --> newdeal.feri.org /site/students/images rc12.jpg
100.10.02 11:30 B D:\WebSites\newdeal\students\images\rc13.jpg --> newdeal.feri.org /site/students/images rc13.jpg
100.10.02 11:30 B D:\WebSites\newdeal\students\images\rc14.jpg --> newdeal.feri.org /site/students/images rc14.jpg
100.10.02 11:30 B D:\WebSites\newdeal\students\images\rc15.jpg --> newdeal.feri.org /site/students/images rc15.jpg
100.10.02 11:30 B D:\WebSites\newdeal\students\images\rc16.jpg --> newdeal.feri.org /site/students/images rc16.jpg
100.10.02 11:30 B D:\WebSites\newdeal\students\images\rc17.jpg --> newdeal.feri.org /site/students/images rc17.jpg
100.10.02 11:30 B D:\WebSites\newdeal\students\images\rc18.jpg --> newdeal.feri.org /site/students/images rc18.jpg
100.10.02 11:30 B D:\WebSites\newdeal\students\images\rc19.jpg --> newdeal.feri.org /site/students/images rc19.jpg
100.10.02 11:30 B D:\WebSites\newdeal\students\images\rc20.jpg --> newdeal.feri.org /site/students/images rc20.jpg
100.10.02 11:30 B D:\WebSites\newdeal\students\images\rc20x.jpg --> newdeal.feri.org /site/students/images rc20x.jpg
100.10.02 11:30 B D:\WebSites\newdeal\students\images\rc21.jpg --> newdeal.feri.org /site/students/images rc21.jpg
100.10.02 11:30 B D:\WebSites\newdeal\students\images\rc22.jpg --> newdeal.feri.org /site/students/images rc22.jpg
100.10.02 11:30 B D:\WebSites\newdeal\students\images\rc23.jpg --> newdeal.feri.org /site/students/images rc23.jpg
100.10.02 11:30 B D:\WebSites\newdeal\students\images\rc24.jpg --> newdeal.feri.org /site/students/images rc24.jpg
100.10.02 11:30 B D:\WebSites\newdeal\students\images\red.jpg --> newdeal.feri.org /site/students/images red.jpg
100.10.02 11:30 B D:\WebSites\newdeal\students\images\reda.jpg --> newdeal.feri.org /site/students/images reda.jpg
100.10.02 11:30 B D:\WebSites\newdeal\students\images\strike.jpg --> newdeal.feri.org /site/students/images strike.jpg
101.02.07 11:33 A d:\websites\newdeal\students\images\salinas.JPG --> newdeal.feri.org /site/students/images salinas.JPG
