100.09.18 15:14 A D:\WebSites\newdeal\aaccc\aaccc01.htm --> newdeal.feri.org /site/aaccc aaccc01.htm
100.09.18 15:14 A D:\WebSites\newdeal\aaccc\aaccc02.htm --> newdeal.feri.org /site/aaccc aaccc02.htm
100.09.18 15:14 A D:\WebSites\newdeal\aaccc\aaccc03.htm --> newdeal.feri.org /site/aaccc aaccc03.htm
100.09.18 15:14 A D:\WebSites\newdeal\aaccc\aaccc04.htm --> newdeal.feri.org /site/aaccc aaccc04.htm
100.09.18 15:14 A D:\WebSites\newdeal\aaccc\aaccc05.htm --> newdeal.feri.org /site/aaccc aaccc05.htm
100.09.18 15:14 A D:\WebSites\newdeal\aaccc\aaccc06.htm --> newdeal.feri.org /site/aaccc aaccc06.htm
100.09.18 15:14 A D:\WebSites\newdeal\aaccc\aaccc07.htm --> newdeal.feri.org /site/aaccc aaccc07.htm
100.09.18 15:14 B D:\WebSites\newdeal\aaccc\fdr.jpg --> newdeal.feri.org /site/aaccc fdr.jpg
100.09.18 15:14 B D:\WebSites\newdeal\aaccc\ickes.jpg --> newdeal.feri.org /site/aaccc ickes.jpg
100.09.18 15:14 A D:\WebSites\newdeal\aaccc\index.htm --> newdeal.feri.org /site/aaccc index.htm
100.09.18 15:14 A D:\WebSites\newdeal\aaccc\photos.htm --> newdeal.feri.org /site/aaccc photos.htm
100.09.18 15:14 B D:\WebSites\newdeal\aaccc\~wrl0003.tmp --> newdeal.feri.org /site/aaccc ~wrl0003.tmp
100.10.04 12:09 A D:\WebSites\newdeal\aaccc\index.htm --> newdeal.feri.org /site/aaccc index.htm
100.10.04 12:09 A D:\WebSites\newdeal\aaccc\photos.htm --> newdeal.feri.org /site/aaccc photos.htm
100.10.04 12:09 B D:\WebSites\newdeal\aaccc\a94.jpg --> newdeal.feri.org /site/aaccc a94.jpg
100.10.04 12:09 B D:\WebSites\newdeal\aaccc\a94.gif --> newdeal.feri.org /site/aaccc a94.gif
100.10.05 09:52 A D:\websites\newdeal\aaccc\index.htm --> newdeal.feri.org /site/aaccc index.htm
100.10.05 09:52 A D:\websites\newdeal\aaccc\photos.htm --> newdeal.feri.org /site/aaccc photos.htm
100.10.05 12:52 A D:\WebSites\newdeal\aaccc\photos.htm --> newdeal.feri.org /site/aaccc photos.htm
100.10.05 12:52 B D:\WebSites\newdeal\aaccc\a92.jpg --> newdeal.feri.org /site/aaccc a92.jpg
100.10.05 12:52 A D:\WebSites\newdeal\aaccc\index.htm --> newdeal.feri.org /site/aaccc index.htm
100.10.06 10:35 A D:\websites\newdeal\aaccc\index.htm --> newdeal.feri.org /site/aaccc index.htm
100.10.06 11:49 A D:\WebSites\newdeal\aaccc\index.htm --> newdeal.feri.org /site/aaccc index.htm
100.10.10 13:42 A D:\websites\newdeal\aaccc\aaccc07.htm --> newdeal.feri.org /site/aaccc aaccc07.htm
100.10.10 13:42 A D:\websites\newdeal\aaccc\aaccc06.htm --> newdeal.feri.org /site/aaccc aaccc06.htm
100.10.10 13:42 A D:\websites\newdeal\aaccc\aaccc05.htm --> newdeal.feri.org /site/aaccc aaccc05.htm
100.10.10 13:42 A D:\websites\newdeal\aaccc\aaccc04.htm --> newdeal.feri.org /site/aaccc aaccc04.htm
100.10.10 13:42 A D:\websites\newdeal\aaccc\aaccc03.htm --> newdeal.feri.org /site/aaccc aaccc03.htm
100.10.10 13:42 A D:\websites\newdeal\aaccc\aaccc02.htm --> newdeal.feri.org /site/aaccc aaccc02.htm
100.10.10 13:42 A D:\websites\newdeal\aaccc\aaccc01.htm --> newdeal.feri.org /site/aaccc aaccc01.htm
100.10.10 13:42 A D:\websites\newdeal\aaccc\index.htm --> newdeal.feri.org /site/aaccc index.htm
100.10.10 13:42 A D:\websites\newdeal\aaccc\photos.htm --> newdeal.feri.org /site/aaccc photos.htm
100.10.10 13:49 A D:\websites\newdeal\aaccc\index.htm --> newdeal.feri.org /site/aaccc index.htm
100.10.10 14:23 B D:\WebSites\newdeal\aaccc\index.htm --> newdeal.feri.org /site/aaccc index.htm
100.12.04 11:43 B d:\websites\newdeal\aaccc\a92.gif --> newdeal.feri.org /site/aaccc a92.gif
101.01.10 11:18 A d:\websites\newdeal\aaccc\index.htm --> newdeal.feri.org /site/aaccc index.htm
101.02.06 10:58 A d:\websites\newdeal\aaccc\index.htm --> newdeal.feri.org /site/aaccc index.htm
101.02.06 10:58 A d:\websites\newdeal\aaccc\aaccc07.htm --> newdeal.feri.org /site/aaccc aaccc07.htm
101.02.06 10:58 A d:\websites\newdeal\aaccc\aaccc06.htm --> newdeal.feri.org /site/aaccc aaccc06.htm
101.02.06 10:58 A d:\websites\newdeal\aaccc\aaccc05.htm --> newdeal.feri.org /site/aaccc aaccc05.htm
101.02.06 10:58 A d:\websites\newdeal\aaccc\aaccc04.htm --> newdeal.feri.org /site/aaccc aaccc04.htm
101.02.06 10:58 A d:\websites\newdeal\aaccc\aaccc03.htm --> newdeal.feri.org /site/aaccc aaccc03.htm
101.02.06 10:58 A d:\websites\newdeal\aaccc\aaccc02.htm --> newdeal.feri.org /site/aaccc aaccc02.htm
101.02.06 10:58 A d:\websites\newdeal\aaccc\aaccc01.htm --> newdeal.feri.org /site/aaccc aaccc01.htm
101.02.06 10:58 A d:\websites\newdeal\aaccc\photos.htm --> newdeal.feri.org /site/aaccc photos.htm
101.02.06 10:58 B d:\websites\newdeal\aaccc\a92.jpg --> newdeal.feri.org /site/aaccc a92.jpg
101.02.06 10:58 B d:\websites\newdeal\aaccc\a92.gif --> newdeal.feri.org /site/aaccc a92.gif
101.02.06 10:58 B d:\websites\newdeal\aaccc\a94.jpg --> newdeal.feri.org /site/aaccc a94.jpg
101.02.06 10:58 B d:\websites\newdeal\aaccc\a94.gif --> newdeal.feri.org /site/aaccc a94.gif
101.02.06 10:58 B d:\websites\newdeal\aaccc\fdr.JPG --> newdeal.feri.org /site/aaccc fdr.JPG
101.02.06 10:58 B d:\websites\newdeal\aaccc\ickes.JPG --> newdeal.feri.org /site/aaccc ickes.JPG
