100.09.26 12:04 A D:\WebSites\newdeal\students\index.htm --> newdeal.feri.org /site/students index.htm
100.09.26 12:04 A D:\WebSites\newdeal\students\lash.htm --> newdeal.feri.org /site/students lash.htm
100.09.26 12:04 A D:\WebSites\newdeal\students\essay.htm --> newdeal.feri.org /site/students essay.htm
100.09.26 12:04 A D:\WebSites\newdeal\students\temp.htm --> newdeal.feri.org /site/students temp.htm
100.09.26 12:04 A D:\WebSites\newdeal\students\tc.htm --> newdeal.feri.org /site/students tc.htm
100.09.26 12:04 A D:\WebSites\newdeal\students\slid22.htm --> newdeal.feri.org /site/students slid22.htm
100.09.26 12:04 A D:\WebSites\newdeal\students\slid21.htm --> newdeal.feri.org /site/students slid21.htm
100.09.26 12:04 A D:\WebSites\newdeal\students\slid20.htm --> newdeal.feri.org /site/students slid20.htm
100.09.26 12:04 A D:\WebSites\newdeal\students\slid19.htm --> newdeal.feri.org /site/students slid19.htm
100.09.26 12:04 A D:\WebSites\newdeal\students\slid18.htm --> newdeal.feri.org /site/students slid18.htm
100.09.26 12:04 A D:\WebSites\newdeal\students\slid17.htm --> newdeal.feri.org /site/students slid17.htm
100.09.26 12:04 A D:\WebSites\newdeal\students\slid16.htm --> newdeal.feri.org /site/students slid16.htm
100.09.26 12:04 A D:\WebSites\newdeal\students\slid15.htm --> newdeal.feri.org /site/students slid15.htm
100.09.26 12:04 A D:\WebSites\newdeal\students\slid13.htm --> newdeal.feri.org /site/students slid13.htm
100.09.26 12:04 A D:\WebSites\newdeal\students\slid12.htm --> newdeal.feri.org /site/students slid12.htm
100.09.26 12:04 A D:\WebSites\newdeal\students\slid11.htm --> newdeal.feri.org /site/students slid11.htm
100.09.26 12:04 A D:\WebSites\newdeal\students\slid10.htm --> newdeal.feri.org /site/students slid10.htm
100.09.26 12:04 A D:\WebSites\newdeal\students\slid09.htm --> newdeal.feri.org /site/students slid09.htm
100.09.26 12:04 A D:\WebSites\newdeal\students\slid08.htm --> newdeal.feri.org /site/students slid08.htm
100.09.26 12:04 A D:\WebSites\newdeal\students\slid07.htm --> newdeal.feri.org /site/students slid07.htm
100.09.26 12:04 A D:\WebSites\newdeal\students\slid06.htm --> newdeal.feri.org /site/students slid06.htm
100.09.26 12:04 A D:\WebSites\newdeal\students\slid05.htm --> newdeal.feri.org /site/students slid05.htm
100.09.26 12:04 A D:\WebSites\newdeal\students\slid04.htm --> newdeal.feri.org /site/students slid04.htm
100.09.26 12:04 A D:\WebSites\newdeal\students\slid03.htm --> newdeal.feri.org /site/students slid03.htm
100.09.26 12:04 A D:\WebSites\newdeal\students\slid02.htm --> newdeal.feri.org /site/students slid02.htm
100.09.26 12:04 A D:\WebSites\newdeal\students\slid01.htm --> newdeal.feri.org /site/students slid01.htm
100.09.26 12:04 A D:\WebSites\newdeal\students\Out02.htm --> newdeal.feri.org /site/students Out02.htm
100.09.26 12:04 A D:\WebSites\newdeal\students\out01.htm --> newdeal.feri.org /site/students out01.htm
100.09.26 12:04 A D:\WebSites\newdeal\students\mts.htm --> newdeal.feri.org /site/students mts.htm
100.09.26 12:04 A D:\WebSites\newdeal\students\fw.htm --> newdeal.feri.org /site/students fw.htm
100.09.26 12:04 A D:\WebSites\newdeal\students\essay05.htm --> newdeal.feri.org /site/students essay05.htm
100.09.26 12:04 A D:\WebSites\newdeal\students\essay04.htm --> newdeal.feri.org /site/students essay04.htm
100.09.26 12:04 A D:\WebSites\newdeal\students\essay03.htm --> newdeal.feri.org /site/students essay03.htm
100.09.26 12:04 A D:\WebSites\newdeal\students\essay02.htm --> newdeal.feri.org /site/students essay02.htm
100.09.26 12:04 A D:\WebSites\newdeal\students\essay01.htm --> newdeal.feri.org /site/students essay01.htm
100.09.26 12:04 A D:\WebSites\newdeal\students\end.htm --> newdeal.feri.org /site/students end.htm
100.09.26 12:04 A D:\WebSites\newdeal\students\docs.htm --> newdeal.feri.org /site/students docs.htm
100.09.26 12:04 A D:\WebSites\newdeal\students\captions.htm --> newdeal.feri.org /site/students captions.htm
100.09.26 12:04 A D:\WebSites\newdeal\students\ayc.htm --> newdeal.feri.org /site/students ayc.htm
100.09.26 12:04 A D:\WebSites\newdeal\students\autobios3.htm --> newdeal.feri.org /site/students autobios3.htm
100.09.26 12:04 A D:\WebSites\newdeal\students\autobios2.htm --> newdeal.feri.org /site/students autobios2.htm
100.09.26 12:04 A D:\WebSites\newdeal\students\autobios.htm --> newdeal.feri.org /site/students autobios.htm
100.09.26 12:04 A D:\WebSites\newdeal\students\asutemp.htm --> newdeal.feri.org /site/students asutemp.htm
100.09.26 12:04 A D:\WebSites\newdeal\students\asu32.htm --> newdeal.feri.org /site/students asu32.htm
100.09.26 12:04 A D:\WebSites\newdeal\students\asu31.htm --> newdeal.feri.org /site/students asu31.htm
100.09.26 12:04 A D:\WebSites\newdeal\students\asu30.htm --> newdeal.feri.org /site/students asu30.htm
100.09.26 12:04 A D:\WebSites\newdeal\students\asu29.htm --> newdeal.feri.org /site/students asu29.htm
100.09.26 12:04 A D:\WebSites\newdeal\students\asu28.htm --> newdeal.feri.org /site/students asu28.htm
100.09.26 12:04 A D:\WebSites\newdeal\students\asu27.htm --> newdeal.feri.org /site/students asu27.htm
100.09.26 12:04 A D:\WebSites\newdeal\students\asu26.htm --> newdeal.feri.org /site/students asu26.htm
100.09.26 12:04 A D:\WebSites\newdeal\students\asu25.htm --> newdeal.feri.org /site/students asu25.htm
100.09.26 12:04 A D:\WebSites\newdeal\students\asu24.htm --> newdeal.feri.org /site/students asu24.htm
100.09.26 12:04 A D:\WebSites\newdeal\students\asu23.htm --> newdeal.feri.org /site/students asu23.htm
100.09.26 12:04 A D:\WebSites\newdeal\students\asu22.htm --> newdeal.feri.org /site/students asu22.htm
100.09.26 12:04 A D:\WebSites\newdeal\students\asu21.htm --> newdeal.feri.org /site/students asu21.htm
100.09.26 12:04 A D:\WebSites\newdeal\students\asu20.htm --> newdeal.feri.org /site/students asu20.htm
100.09.26 12:04 A D:\WebSites\newdeal\students\asu19.htm --> newdeal.feri.org /site/students asu19.htm
100.09.26 12:04 A D:\WebSites\newdeal\students\asu18.htm --> newdeal.feri.org /site/students asu18.htm
100.09.26 12:04 A D:\WebSites\newdeal\students\asu17.htm --> newdeal.feri.org /site/students asu17.htm
100.09.26 12:04 A D:\WebSites\newdeal\students\asu16.htm --> newdeal.feri.org /site/students asu16.htm
100.09.26 12:04 A D:\WebSites\newdeal\students\asu15.htm --> newdeal.feri.org /site/students asu15.htm
100.09.26 12:04 A D:\WebSites\newdeal\students\asu14.htm --> newdeal.feri.org /site/students asu14.htm
100.09.26 12:04 A D:\WebSites\newdeal\students\asu13.htm --> newdeal.feri.org /site/students asu13.htm
100.09.26 12:04 A D:\WebSites\newdeal\students\asu12.htm --> newdeal.feri.org /site/students asu12.htm
100.09.26 12:04 A D:\WebSites\newdeal\students\asu11.htm --> newdeal.feri.org /site/students asu11.htm
100.09.26 12:04 A D:\WebSites\newdeal\students\asu10.htm --> newdeal.feri.org /site/students asu10.htm
100.09.26 12:04 A D:\WebSites\newdeal\students\asu09.htm --> newdeal.feri.org /site/students asu09.htm
100.09.26 12:04 A D:\WebSites\newdeal\students\asu08.htm --> newdeal.feri.org /site/students asu08.htm
100.09.26 12:04 A D:\WebSites\newdeal\students\asu07.htm --> newdeal.feri.org /site/students asu07.htm
100.09.26 12:04 A D:\WebSites\newdeal\students\asu06.htm --> newdeal.feri.org /site/students asu06.htm
100.09.26 12:04 A D:\WebSites\newdeal\students\asu05.htm --> newdeal.feri.org /site/students asu05.htm
100.09.26 12:04 A D:\WebSites\newdeal\students\asu04.htm --> newdeal.feri.org /site/students asu04.htm
100.09.26 12:04 A D:\WebSites\newdeal\students\asu03.htm --> newdeal.feri.org /site/students asu03.htm
100.09.26 12:04 A D:\WebSites\newdeal\students\asu02.htm --> newdeal.feri.org /site/students asu02.htm
100.09.26 12:04 A D:\WebSites\newdeal\students\asu01.htm --> newdeal.feri.org /site/students asu01.htm
100.09.26 12:04 A D:\WebSites\newdeal\students\ack.htm --> newdeal.feri.org /site/students ack.htm
100.09.26 12:04 A D:\WebSites\newdeal\students\lessons.htm --> newdeal.feri.org /site/students lessons.htm
100.09.26 12:04 A D:\WebSites\newdeal\students\lesson0.htm --> newdeal.feri.org /site/students lesson0.htm
100.09.28 13:02 A D:\WebSites\newdeal\students\index.htm --> newdeal.feri.org /site/students index.htm
100.10.02 11:30 A D:\WebSites\newdeal\students\captions.htm --> newdeal.feri.org /site/students captions.htm
100.10.02 11:30 A D:\WebSites\newdeal\students\slid13.htm --> newdeal.feri.org /site/students slid13.htm
100.10.03 08:43 A D:\WebSites\newdeal\students\captions.htm --> newdeal.feri.org /site/students captions.htm
100.10.03 08:43 A D:\WebSites\newdeal\students\slid13.htm --> newdeal.feri.org /site/students slid13.htm
100.11.27 09:39 A d:\websites\newdeal\students\index.htm --> newdeal.feri.org /site/students index.htm
100.11.27 09:39 A d:\websites\newdeal\students\move.htm --> newdeal.feri.org /site/students move.htm
100.11.27 09:39 A d:\websites\newdeal\students\essay05.htm --> newdeal.feri.org /site/students essay05.htm
100.11.27 09:39 A d:\websites\newdeal\students\essay04.htm --> newdeal.feri.org /site/students essay04.htm
100.11.27 09:39 A d:\websites\newdeal\students\essay03.htm --> newdeal.feri.org /site/students essay03.htm
100.11.27 09:39 A d:\websites\newdeal\students\essay02.htm --> newdeal.feri.org /site/students essay02.htm
100.11.27 09:39 A d:\websites\newdeal\students\end.htm --> newdeal.feri.org /site/students end.htm
100.11.27 09:39 A d:\websites\newdeal\students\essay01.htm --> newdeal.feri.org /site/students essay01.htm
100.12.04 20:06 A d:\websites\newdeal\students\index.htm --> newdeal.feri.org /site/students index.htm
100.12.04 20:19 A d:\websites\newdeal\students\docs.htm --> newdeal.feri.org /site/students docs.htm
100.12.21 10:44 A d:\websites\newdeal\students\slid07.htm --> newdeal.feri.org /site/students slid07.htm
100.12.21 10:44 A d:\websites\newdeal\students\slid05.htm --> newdeal.feri.org /site/students slid05.htm
100.12.21 10:44 A d:\websites\newdeal\students\docs.htm --> newdeal.feri.org /site/students docs.htm
100.12.21 10:44 A d:\websites\newdeal\students\index.htm --> newdeal.feri.org /site/students index.htm
100.12.21 10:44 A d:\websites\newdeal\students\move.htm --> newdeal.feri.org /site/students move.htm
100.12.21 10:44 A d:\websites\newdeal\students\essay05.htm --> newdeal.feri.org /site/students essay05.htm
100.12.21 10:44 A d:\websites\newdeal\students\essay04.htm --> newdeal.feri.org /site/students essay04.htm
100.12.21 10:44 A d:\websites\newdeal\students\essay03.htm --> newdeal.feri.org /site/students essay03.htm
100.12.21 10:44 A d:\websites\newdeal\students\essay02.htm --> newdeal.feri.org /site/students essay02.htm
100.12.21 10:44 A d:\websites\newdeal\students\end.htm --> newdeal.feri.org /site/students end.htm
100.12.21 10:44 A d:\websites\newdeal\students\essay01.htm --> newdeal.feri.org /site/students essay01.htm
100.12.21 10:44 A d:\websites\newdeal\students\autobios.htm --> newdeal.feri.org /site/students autobios.htm
100.12.21 10:44 A d:\websites\newdeal\students\slid21.htm --> newdeal.feri.org /site/students slid21.htm
101.01.09 10:38 A d:\websites\newdeal\students\essay.htm --> newdeal.feri.org /site/students essay.htm
101.01.09 10:38 A d:\websites\newdeal\students\canada.htm --> newdeal.feri.org /site/students canada.htm
101.01.09 10:44 A d:\websites\newdeal\students\move.htm --> newdeal.feri.org /site/students move.htm
101.01.09 10:44 A d:\websites\newdeal\students\essay05.htm --> newdeal.feri.org /site/students essay05.htm
101.01.09 10:44 A d:\websites\newdeal\students\essay04.htm --> newdeal.feri.org /site/students essay04.htm
101.01.09 10:44 A d:\websites\newdeal\students\essay03.htm --> newdeal.feri.org /site/students essay03.htm
101.01.09 10:44 A d:\websites\newdeal\students\essay02.htm --> newdeal.feri.org /site/students essay02.htm
101.01.09 10:44 A d:\websites\newdeal\students\essay01.htm --> newdeal.feri.org /site/students essay01.htm
101.01.09 10:44 A d:\websites\newdeal\students\end.htm --> newdeal.feri.org /site/students end.htm
101.01.09 10:44 A d:\websites\newdeal\students\canada.htm --> newdeal.feri.org /site/students canada.htm
101.02.06 10:59 A d:\websites\newdeal\students\move.htm --> newdeal.feri.org /site/students move.htm
101.02.07 11:32 A d:\websites\newdeal\students\captions.htm --> newdeal.feri.org /site/students captions.htm
